<?xml version="1.0" encoding="UTF-8"?>
<!-- Generated by org.testng.reporters.JUnitReportReporter -->
<testsuite hostname="LAPTOP-AJ8V564L" failures="0" tests="2" name="base.code.testing" time="0.009" errors="0" timestamp="2021-09-09T03:37:02 IST" skipped="0">
  <testcase classname="base.code.testing" name="singleinput" time="0.001"/>
  <system-out/>
  <testcase classname="base.code.testing" name="noinput" time="0.008"/>
  <system-out/>
</testsuite> <!-- base.code.testing -->
